<html>
<head>
<title>TestNG:  WebServicesRSUJ</title>
<link href="../testng.css" rel="stylesheet" type="text/css" />
<link href="../my-testng.css" rel="stylesheet" type="text/css" />

<style type="text/css">
.log { display: none;} 
.stack-trace { display: none;} 
</style>
<script type="text/javascript">
<!--
function flip(e) {
  current = e.style.display;
  if (current == 'block') {
    e.style.display = 'none';
    return 0;
  }
  else {
    e.style.display = 'block';
    return 1;
  }
}

function toggleBox(szDivId, elem, msg1, msg2)
{
  var res = -1;  if (document.getElementById) {
    res = flip(document.getElementById(szDivId));
  }
  else if (document.all) {
    // this is the way old msie versions work
    res = flip(document.all[szDivId]);
  }
  if(elem) {
    if(res == 0) elem.innerHTML = msg1; else elem.innerHTML = msg2;
  }

}

function toggleAllBoxes() {
  if (document.getElementsByTagName) {
    d = document.getElementsByTagName('div');
    for (i = 0; i < d.length; i++) {
      if (d[i].className == 'log') {
        flip(d[i]);
      }
    }
  }
}

// -->
</script>

</head>
<body>
<h2 align='center'>WebServicesRSUJ</h2><table border='1' align="center">
<tr>
<td>Tests passed/Failed/Skipped:</td><td>0/9/0</td>
</tr><tr>
<td>Started on:</td><td>Mon Jul 13 23:10:04 IST 2020</td>
</tr>
<tr><td>Total time:</td><td>3 seconds (3579 ms)</td>
</tr><tr>
<td>Included groups:</td><td></td>
</tr><tr>
<td>Excluded groups:</td><td></td>
</tr>
</table><p/>
<small><i>(Hover the method name to see the test class name)</i></small><p/>
<table width='100%' border='1' class='invocation-failed'>
<tr><td colspan='4' align='center'><b>FAILED TESTS</b></td></tr>
<tr><td><b>Test method</b></td>
<td width="30%"><b>Exception</b></td>
<td width="10%"><b>Time (seconds)</b></td>
<td><b>Instance</b></td>
</tr>
<tr>
<td title='soapServices.EmployeeServicesSingleTest.SoapTest_TS()'><b>SoapTest_TS</b><br>Test class: soapServices.EmployeeServicesSingleTest</td>
<td><div><pre>java.lang.NoClassDefFoundError: Could not initialize class org.codehaus.groovy.runtime.InvokerHelper
	at groovy.lang.GroovyObjectSupport.getDefaultMetaClass(GroovyObjectSupport.java:61)
	at groovy.lang.GroovyObjectSupport.&lt;init&gt;(GroovyObjectSupport.java:34)
	at groovy.lang.Binding.&lt;init&gt;(Binding.java:35)
	at com.eviware.soapui.support.scripting.groovy.SoapUIGroovyScriptEngine.&lt;init&gt;(SoapUIGroovyScriptEngine.java:45)
	at com.eviware.soapui.support.scripting.groovy.GroovyScriptEngineFactory.createScriptEngine(GroovyScriptEngineFactory.java:38)
	at com.eviware.soapui.support.scripting.SoapUIScriptEngineRegistry.create(SoapUIScriptEngineRegistry.java:50)
	at com.eviware.soapui.impl.wsdl.teststeps.WsdlGroovyScriptTestStep.&lt;init&gt;(WsdlGroovyScriptTestStep.java:85)
	at com.eviware.soapui.impl.wsdl.teststeps.registry.GroovyScriptStepFactory.buildTestStep(GroovyScriptStepFactory.java:38)
	at com.eviware.soapui.impl.wsdl.testcase.WsdlTestCase.createTestStepFromConfig(WsdlTestCase.java:296)
	at com.eviware.soapui.impl.wsdl.testcase.WsdlTestCase.&lt;init&gt;(WsdlTestCase.java:121)
	at com.eviware.soapui.impl.wsdl.WsdlTestSuite.buildTestCase(WsdlTestSuite.java:107)
	at com.eviware.soapui.impl.wsdl.WsdlTestSuite.&lt;init&gt;(WsdlTestSuite.java:89)
	at com.eviware.soapui.impl.wsdl.WsdlProject.buildTestSuite(WsdlProject.java:451)
	at com.eviware.soapui.impl.wsdl.WsdlProject.loadProjectFromInputStream(WsdlProject.java:388)
	at com.eviware.soapui.impl.wsdl.WsdlProject.loadProject(WsdlProject.java:310)
	at com.eviware.soapui.impl.wsdl.WsdlProject.&lt;init&gt;(WsdlProject.java:213)
	at com.eviware.soapui.impl.wsdl.WsdlProject.&lt;init&gt;(WsdlProject.java:194)
	at com.eviware.soapui.impl.wsdl.WsdlProject.&lt;init&gt;(WsdlProject.java:182)
	at soapServices.EmployeeServicesSingleTest.SoapTest_TS(EmployeeServicesSingleTest.java:24)
	at java.util.ArrayList.forEach(Unknown Source)
... Removed 26 stack frames</pre></div><a href='#' onClick='toggleBox("stack-trace1107579932", this, "Click to show all stack frames", "Click to hide stack frames")'>Click to show all stack frames</a>
<div class='stack-trace' id='stack-trace1107579932'><pre>java.lang.NoClassDefFoundError: Could not initialize class org.codehaus.groovy.runtime.InvokerHelper
	at groovy.lang.GroovyObjectSupport.getDefaultMetaClass(GroovyObjectSupport.java:61)
	at groovy.lang.GroovyObjectSupport.&lt;init&gt;(GroovyObjectSupport.java:34)
	at groovy.lang.Binding.&lt;init&gt;(Binding.java:35)
	at com.eviware.soapui.support.scripting.groovy.SoapUIGroovyScriptEngine.&lt;init&gt;(SoapUIGroovyScriptEngine.java:45)
	at com.eviware.soapui.support.scripting.groovy.GroovyScriptEngineFactory.createScriptEngine(GroovyScriptEngineFactory.java:38)
	at com.eviware.soapui.support.scripting.SoapUIScriptEngineRegistry.create(SoapUIScriptEngineRegistry.java:50)
	at com.eviware.soapui.impl.wsdl.teststeps.WsdlGroovyScriptTestStep.&lt;init&gt;(WsdlGroovyScriptTestStep.java:85)
	at com.eviware.soapui.impl.wsdl.teststeps.registry.GroovyScriptStepFactory.buildTestStep(GroovyScriptStepFactory.java:38)
	at com.eviware.soapui.impl.wsdl.testcase.WsdlTestCase.createTestStepFromConfig(WsdlTestCase.java:296)
	at com.eviware.soapui.impl.wsdl.testcase.WsdlTestCase.&lt;init&gt;(WsdlTestCase.java:121)
	at com.eviware.soapui.impl.wsdl.WsdlTestSuite.buildTestCase(WsdlTestSuite.java:107)
	at com.eviware.soapui.impl.wsdl.WsdlTestSuite.&lt;init&gt;(WsdlTestSuite.java:89)
	at com.eviware.soapui.impl.wsdl.WsdlProject.buildTestSuite(WsdlProject.java:451)
	at com.eviware.soapui.impl.wsdl.WsdlProject.loadProjectFromInputStream(WsdlProject.java:388)
	at com.eviware.soapui.impl.wsdl.WsdlProject.loadProject(WsdlProject.java:310)
	at com.eviware.soapui.impl.wsdl.WsdlProject.&lt;init&gt;(WsdlProject.java:213)
	at com.eviware.soapui.impl.wsdl.WsdlProject.&lt;init&gt;(WsdlProject.java:194)
	at com.eviware.soapui.impl.wsdl.WsdlProject.&lt;init&gt;(WsdlProject.java:182)
	at soapServices.EmployeeServicesSingleTest.SoapTest_TS(EmployeeServicesSingleTest.java:24)
	at sun.reflect.NativeMethodAccessorImpl.invoke0(Native Method)
	at sun.reflect.NativeMethodAccessorImpl.invoke(Unknown Source)
	at sun.reflect.DelegatingMethodAccessorImpl.invoke(Unknown Source)
	at java.lang.reflect.Method.invoke(Unknown Source)
	at org.testng.internal.MethodInvocationHelper.invokeMethod(MethodInvocationHelper.java:135)
	at org.testng.internal.TestInvoker.invokeMethod(TestInvoker.java:598)
	at org.testng.internal.TestInvoker.invokeTestMethod(TestInvoker.java:174)
	at org.testng.internal.MethodRunner.runInSequence(MethodRunner.java:46)
	at org.testng.internal.TestInvoker$MethodInvocationAgent.invoke(TestInvoker.java:821)
	at org.testng.internal.TestInvoker.invokeTestMethods(TestInvoker.java:147)
	at org.testng.internal.TestMethodWorker.invokeTestMethods(TestMethodWorker.java:146)
	at org.testng.internal.TestMethodWorker.run(TestMethodWorker.java:128)
	at java.util.ArrayList.forEach(Unknown Source)
	at org.testng.TestRunner.privateRun(TestRunner.java:767)
	at org.testng.TestRunner.run(TestRunner.java:588)
	at org.testng.SuiteRunner.runTest(SuiteRunner.java:384)
	at org.testng.SuiteRunner.runSequentially(SuiteRunner.java:378)
	at org.testng.SuiteRunner.privateRun(SuiteRunner.java:337)
	at org.testng.SuiteRunner.run(SuiteRunner.java:286)
	at org.testng.SuiteRunnerWorker.runSuite(SuiteRunnerWorker.java:53)
	at org.testng.SuiteRunnerWorker.run(SuiteRunnerWorker.java:96)
	at org.testng.TestNG.runSuitesSequentially(TestNG.java:1214)
	at org.testng.TestNG.runSuitesLocally(TestNG.java:1136)
	at org.testng.TestNG.runSuites(TestNG.java:1066)
	at org.testng.TestNG.run(TestNG.java:1034)
	at org.testng.TestNG.privateMain(TestNG.java:1363)
	at org.testng.TestNG.main(TestNG.java:1331)
</pre></div></td>
<td>0</td>
<td>soapServices.EmployeeServicesSingleTest@2e3fc542</td></tr>
<tr>
<td title='restServices.LibraryServicesMultipleTest.SoapTest_TS1()'><b>SoapTest_TS1</b><br>Test class: restServices.LibraryServicesMultipleTest</td>
<td><div><pre>java.lang.NoClassDefFoundError: Could not initialize class org.codehaus.groovy.runtime.InvokerHelper
	at groovy.lang.GroovyObjectSupport.getDefaultMetaClass(GroovyObjectSupport.java:61)
	at groovy.lang.GroovyObjectSupport.&lt;init&gt;(GroovyObjectSupport.java:34)
	at groovy.lang.Binding.&lt;init&gt;(Binding.java:35)
	at com.eviware.soapui.support.scripting.groovy.SoapUIGroovyScriptEngine.&lt;init&gt;(SoapUIGroovyScriptEngine.java:45)
	at com.eviware.soapui.support.scripting.groovy.GroovyScriptEngineFactory.createScriptEngine(GroovyScriptEngineFactory.java:38)
	at com.eviware.soapui.support.scripting.SoapUIScriptEngineRegistry.create(SoapUIScriptEngineRegistry.java:50)
	at com.eviware.soapui.impl.wsdl.teststeps.WsdlGroovyScriptTestStep.&lt;init&gt;(WsdlGroovyScriptTestStep.java:85)
	at com.eviware.soapui.impl.wsdl.teststeps.registry.GroovyScriptStepFactory.buildTestStep(GroovyScriptStepFactory.java:38)
	at com.eviware.soapui.impl.wsdl.testcase.WsdlTestCase.createTestStepFromConfig(WsdlTestCase.java:296)
	at com.eviware.soapui.impl.wsdl.testcase.WsdlTestCase.&lt;init&gt;(WsdlTestCase.java:121)
	at com.eviware.soapui.impl.wsdl.WsdlTestSuite.buildTestCase(WsdlTestSuite.java:107)
	at com.eviware.soapui.impl.wsdl.WsdlTestSuite.&lt;init&gt;(WsdlTestSuite.java:89)
	at com.eviware.soapui.impl.wsdl.WsdlProject.buildTestSuite(WsdlProject.java:451)
	at com.eviware.soapui.impl.wsdl.WsdlProject.loadProjectFromInputStream(WsdlProject.java:388)
	at com.eviware.soapui.impl.wsdl.WsdlProject.loadProject(WsdlProject.java:310)
	at com.eviware.soapui.impl.wsdl.WsdlProject.&lt;init&gt;(WsdlProject.java:213)
	at com.eviware.soapui.impl.wsdl.WsdlProject.&lt;init&gt;(WsdlProject.java:194)
	at com.eviware.soapui.impl.wsdl.WsdlProject.&lt;init&gt;(WsdlProject.java:182)
	at restServices.LibraryServicesMultipleTest.SoapTest_TS1(LibraryServicesMultipleTest.java:21)
	at java.util.ArrayList.forEach(Unknown Source)
... Removed 26 stack frames</pre></div><a href='#' onClick='toggleBox("stack-trace1801021153", this, "Click to show all stack frames", "Click to hide stack frames")'>Click to show all stack frames</a>
<div class='stack-trace' id='stack-trace1801021153'><pre>java.lang.NoClassDefFoundError: Could not initialize class org.codehaus.groovy.runtime.InvokerHelper
	at groovy.lang.GroovyObjectSupport.getDefaultMetaClass(GroovyObjectSupport.java:61)
	at groovy.lang.GroovyObjectSupport.&lt;init&gt;(GroovyObjectSupport.java:34)
	at groovy.lang.Binding.&lt;init&gt;(Binding.java:35)
	at com.eviware.soapui.support.scripting.groovy.SoapUIGroovyScriptEngine.&lt;init&gt;(SoapUIGroovyScriptEngine.java:45)
	at com.eviware.soapui.support.scripting.groovy.GroovyScriptEngineFactory.createScriptEngine(GroovyScriptEngineFactory.java:38)
	at com.eviware.soapui.support.scripting.SoapUIScriptEngineRegistry.create(SoapUIScriptEngineRegistry.java:50)
	at com.eviware.soapui.impl.wsdl.teststeps.WsdlGroovyScriptTestStep.&lt;init&gt;(WsdlGroovyScriptTestStep.java:85)
	at com.eviware.soapui.impl.wsdl.teststeps.registry.GroovyScriptStepFactory.buildTestStep(GroovyScriptStepFactory.java:38)
	at com.eviware.soapui.impl.wsdl.testcase.WsdlTestCase.createTestStepFromConfig(WsdlTestCase.java:296)
	at com.eviware.soapui.impl.wsdl.testcase.WsdlTestCase.&lt;init&gt;(WsdlTestCase.java:121)
	at com.eviware.soapui.impl.wsdl.WsdlTestSuite.buildTestCase(WsdlTestSuite.java:107)
	at com.eviware.soapui.impl.wsdl.WsdlTestSuite.&lt;init&gt;(WsdlTestSuite.java:89)
	at com.eviware.soapui.impl.wsdl.WsdlProject.buildTestSuite(WsdlProject.java:451)
	at com.eviware.soapui.impl.wsdl.WsdlProject.loadProjectFromInputStream(WsdlProject.java:388)
	at com.eviware.soapui.impl.wsdl.WsdlProject.loadProject(WsdlProject.java:310)
	at com.eviware.soapui.impl.wsdl.WsdlProject.&lt;init&gt;(WsdlProject.java:213)
	at com.eviware.soapui.impl.wsdl.WsdlProject.&lt;init&gt;(WsdlProject.java:194)
	at com.eviware.soapui.impl.wsdl.WsdlProject.&lt;init&gt;(WsdlProject.java:182)
	at restServices.LibraryServicesMultipleTest.SoapTest_TS1(LibraryServicesMultipleTest.java:21)
	at sun.reflect.NativeMethodAccessorImpl.invoke0(Native Method)
	at sun.reflect.NativeMethodAccessorImpl.invoke(Unknown Source)
	at sun.reflect.DelegatingMethodAccessorImpl.invoke(Unknown Source)
	at java.lang.reflect.Method.invoke(Unknown Source)
	at org.testng.internal.MethodInvocationHelper.invokeMethod(MethodInvocationHelper.java:135)
	at org.testng.internal.TestInvoker.invokeMethod(TestInvoker.java:598)
	at org.testng.internal.TestInvoker.invokeTestMethod(TestInvoker.java:174)
	at org.testng.internal.MethodRunner.runInSequence(MethodRunner.java:46)
	at org.testng.internal.TestInvoker$MethodInvocationAgent.invoke(TestInvoker.java:821)
	at org.testng.internal.TestInvoker.invokeTestMethods(TestInvoker.java:147)
	at org.testng.internal.TestMethodWorker.invokeTestMethods(TestMethodWorker.java:146)
	at org.testng.internal.TestMethodWorker.run(TestMethodWorker.java:128)
	at java.util.ArrayList.forEach(Unknown Source)
	at org.testng.TestRunner.privateRun(TestRunner.java:767)
	at org.testng.TestRunner.run(TestRunner.java:588)
	at org.testng.SuiteRunner.runTest(SuiteRunner.java:384)
	at org.testng.SuiteRunner.runSequentially(SuiteRunner.java:378)
	at org.testng.SuiteRunner.privateRun(SuiteRunner.java:337)
	at org.testng.SuiteRunner.run(SuiteRunner.java:286)
	at org.testng.SuiteRunnerWorker.runSuite(SuiteRunnerWorker.java:53)
	at org.testng.SuiteRunnerWorker.run(SuiteRunnerWorker.java:96)
	at org.testng.TestNG.runSuitesSequentially(TestNG.java:1214)
	at org.testng.TestNG.runSuitesLocally(TestNG.java:1136)
	at org.testng.TestNG.runSuites(TestNG.java:1066)
	at org.testng.TestNG.run(TestNG.java:1034)
	at org.testng.TestNG.privateMain(TestNG.java:1363)
	at org.testng.TestNG.main(TestNG.java:1331)
</pre></div></td>
<td>0</td>
<td>restServices.LibraryServicesMultipleTest@150c158</td></tr>
<tr>
<td title='soapServices.EmployeeServicesMultipleTest.SoapTest_TS1()'><b>SoapTest_TS1</b><br>Test class: soapServices.EmployeeServicesMultipleTest</td>
<td><div><pre>java.lang.NoClassDefFoundError: Could not initialize class org.codehaus.groovy.runtime.InvokerHelper
	at groovy.lang.GroovyObjectSupport.getDefaultMetaClass(GroovyObjectSupport.java:61)
	at groovy.lang.GroovyObjectSupport.&lt;init&gt;(GroovyObjectSupport.java:34)
	at groovy.lang.Binding.&lt;init&gt;(Binding.java:35)
	at com.eviware.soapui.support.scripting.groovy.SoapUIGroovyScriptEngine.&lt;init&gt;(SoapUIGroovyScriptEngine.java:45)
	at com.eviware.soapui.support.scripting.groovy.GroovyScriptEngineFactory.createScriptEngine(GroovyScriptEngineFactory.java:38)
	at com.eviware.soapui.support.scripting.SoapUIScriptEngineRegistry.create(SoapUIScriptEngineRegistry.java:50)
	at com.eviware.soapui.impl.wsdl.teststeps.WsdlGroovyScriptTestStep.&lt;init&gt;(WsdlGroovyScriptTestStep.java:85)
	at com.eviware.soapui.impl.wsdl.teststeps.registry.GroovyScriptStepFactory.buildTestStep(GroovyScriptStepFactory.java:38)
	at com.eviware.soapui.impl.wsdl.testcase.WsdlTestCase.createTestStepFromConfig(WsdlTestCase.java:296)
	at com.eviware.soapui.impl.wsdl.testcase.WsdlTestCase.&lt;init&gt;(WsdlTestCase.java:121)
	at com.eviware.soapui.impl.wsdl.WsdlTestSuite.buildTestCase(WsdlTestSuite.java:107)
	at com.eviware.soapui.impl.wsdl.WsdlTestSuite.&lt;init&gt;(WsdlTestSuite.java:89)
	at com.eviware.soapui.impl.wsdl.WsdlProject.buildTestSuite(WsdlProject.java:451)
	at com.eviware.soapui.impl.wsdl.WsdlProject.loadProjectFromInputStream(WsdlProject.java:388)
	at com.eviware.soapui.impl.wsdl.WsdlProject.loadProject(WsdlProject.java:310)
	at com.eviware.soapui.impl.wsdl.WsdlProject.&lt;init&gt;(WsdlProject.java:213)
	at com.eviware.soapui.impl.wsdl.WsdlProject.&lt;init&gt;(WsdlProject.java:194)
	at com.eviware.soapui.impl.wsdl.WsdlProject.&lt;init&gt;(WsdlProject.java:182)
	at soapServices.EmployeeServicesMultipleTest.SoapTest_TS1(EmployeeServicesMultipleTest.java:22)
	at java.util.ArrayList.forEach(Unknown Source)
... Removed 26 stack frames</pre></div><a href='#' onClick='toggleBox("stack-trace217470033", this, "Click to show all stack frames", "Click to hide stack frames")'>Click to show all stack frames</a>
<div class='stack-trace' id='stack-trace217470033'><pre>java.lang.NoClassDefFoundError: Could not initialize class org.codehaus.groovy.runtime.InvokerHelper
	at groovy.lang.GroovyObjectSupport.getDefaultMetaClass(GroovyObjectSupport.java:61)
	at groovy.lang.GroovyObjectSupport.&lt;init&gt;(GroovyObjectSupport.java:34)
	at groovy.lang.Binding.&lt;init&gt;(Binding.java:35)
	at com.eviware.soapui.support.scripting.groovy.SoapUIGroovyScriptEngine.&lt;init&gt;(SoapUIGroovyScriptEngine.java:45)
	at com.eviware.soapui.support.scripting.groovy.GroovyScriptEngineFactory.createScriptEngine(GroovyScriptEngineFactory.java:38)
	at com.eviware.soapui.support.scripting.SoapUIScriptEngineRegistry.create(SoapUIScriptEngineRegistry.java:50)
	at com.eviware.soapui.impl.wsdl.teststeps.WsdlGroovyScriptTestStep.&lt;init&gt;(WsdlGroovyScriptTestStep.java:85)
	at com.eviware.soapui.impl.wsdl.teststeps.registry.GroovyScriptStepFactory.buildTestStep(GroovyScriptStepFactory.java:38)
	at com.eviware.soapui.impl.wsdl.testcase.WsdlTestCase.createTestStepFromConfig(WsdlTestCase.java:296)
	at com.eviware.soapui.impl.wsdl.testcase.WsdlTestCase.&lt;init&gt;(WsdlTestCase.java:121)
	at com.eviware.soapui.impl.wsdl.WsdlTestSuite.buildTestCase(WsdlTestSuite.java:107)
	at com.eviware.soapui.impl.wsdl.WsdlTestSuite.&lt;init&gt;(WsdlTestSuite.java:89)
	at com.eviware.soapui.impl.wsdl.WsdlProject.buildTestSuite(WsdlProject.java:451)
	at com.eviware.soapui.impl.wsdl.WsdlProject.loadProjectFromInputStream(WsdlProject.java:388)
	at com.eviware.soapui.impl.wsdl.WsdlProject.loadProject(WsdlProject.java:310)
	at com.eviware.soapui.impl.wsdl.WsdlProject.&lt;init&gt;(WsdlProject.java:213)
	at com.eviware.soapui.impl.wsdl.WsdlProject.&lt;init&gt;(WsdlProject.java:194)
	at com.eviware.soapui.impl.wsdl.WsdlProject.&lt;init&gt;(WsdlProject.java:182)
	at soapServices.EmployeeServicesMultipleTest.SoapTest_TS1(EmployeeServicesMultipleTest.java:22)
	at sun.reflect.NativeMethodAccessorImpl.invoke0(Native Method)
	at sun.reflect.NativeMethodAccessorImpl.invoke(Unknown Source)
	at sun.reflect.DelegatingMethodAccessorImpl.invoke(Unknown Source)
	at java.lang.reflect.Method.invoke(Unknown Source)
	at org.testng.internal.MethodInvocationHelper.invokeMethod(MethodInvocationHelper.java:135)
	at org.testng.internal.TestInvoker.invokeMethod(TestInvoker.java:598)
	at org.testng.internal.TestInvoker.invokeTestMethod(TestInvoker.java:174)
	at org.testng.internal.MethodRunner.runInSequence(MethodRunner.java:46)
	at org.testng.internal.TestInvoker$MethodInvocationAgent.invoke(TestInvoker.java:821)
	at org.testng.internal.TestInvoker.invokeTestMethods(TestInvoker.java:147)
	at org.testng.internal.TestMethodWorker.invokeTestMethods(TestMethodWorker.java:146)
	at org.testng.internal.TestMethodWorker.run(TestMethodWorker.java:128)
	at java.util.ArrayList.forEach(Unknown Source)
	at org.testng.TestRunner.privateRun(TestRunner.java:767)
	at org.testng.TestRunner.run(TestRunner.java:588)
	at org.testng.SuiteRunner.runTest(SuiteRunner.java:384)
	at org.testng.SuiteRunner.runSequentially(SuiteRunner.java:378)
	at org.testng.SuiteRunner.privateRun(SuiteRunner.java:337)
	at org.testng.SuiteRunner.run(SuiteRunner.java:286)
	at org.testng.SuiteRunnerWorker.runSuite(SuiteRunnerWorker.java:53)
	at org.testng.SuiteRunnerWorker.run(SuiteRunnerWorker.java:96)
	at org.testng.TestNG.runSuitesSequentially(TestNG.java:1214)
	at org.testng.TestNG.runSuitesLocally(TestNG.java:1136)
	at org.testng.TestNG.runSuites(TestNG.java:1066)
	at org.testng.TestNG.run(TestNG.java:1034)
	at org.testng.TestNG.privateMain(TestNG.java:1363)
	at org.testng.TestNG.main(TestNG.java:1331)
</pre></div></td>
<td>0</td>
<td>soapServices.EmployeeServicesMultipleTest@4524411f</td></tr>
<tr>
<td title='soapServices.EmployeeServicesMultipleTest.SoapTest_TS2()'><b>SoapTest_TS2</b><br>Test class: soapServices.EmployeeServicesMultipleTest</td>
<td><div><pre>java.lang.NoClassDefFoundError: Could not initialize class org.codehaus.groovy.runtime.InvokerHelper
	at groovy.lang.GroovyObjectSupport.getDefaultMetaClass(GroovyObjectSupport.java:61)
	at groovy.lang.GroovyObjectSupport.&lt;init&gt;(GroovyObjectSupport.java:34)
	at groovy.lang.Binding.&lt;init&gt;(Binding.java:35)
	at com.eviware.soapui.support.scripting.groovy.SoapUIGroovyScriptEngine.&lt;init&gt;(SoapUIGroovyScriptEngine.java:45)
	at com.eviware.soapui.support.scripting.groovy.GroovyScriptEngineFactory.createScriptEngine(GroovyScriptEngineFactory.java:38)
	at com.eviware.soapui.support.scripting.SoapUIScriptEngineRegistry.create(SoapUIScriptEngineRegistry.java:50)
	at com.eviware.soapui.impl.wsdl.teststeps.WsdlGroovyScriptTestStep.&lt;init&gt;(WsdlGroovyScriptTestStep.java:85)
	at com.eviware.soapui.impl.wsdl.teststeps.registry.GroovyScriptStepFactory.buildTestStep(GroovyScriptStepFactory.java:38)
	at com.eviware.soapui.impl.wsdl.testcase.WsdlTestCase.createTestStepFromConfig(WsdlTestCase.java:296)
	at com.eviware.soapui.impl.wsdl.testcase.WsdlTestCase.&lt;init&gt;(WsdlTestCase.java:121)
	at com.eviware.soapui.impl.wsdl.WsdlTestSuite.buildTestCase(WsdlTestSuite.java:107)
	at com.eviware.soapui.impl.wsdl.WsdlTestSuite.&lt;init&gt;(WsdlTestSuite.java:89)
	at com.eviware.soapui.impl.wsdl.WsdlProject.buildTestSuite(WsdlProject.java:451)
	at com.eviware.soapui.impl.wsdl.WsdlProject.loadProjectFromInputStream(WsdlProject.java:388)
	at com.eviware.soapui.impl.wsdl.WsdlProject.loadProject(WsdlProject.java:310)
	at com.eviware.soapui.impl.wsdl.WsdlProject.&lt;init&gt;(WsdlProject.java:213)
	at com.eviware.soapui.impl.wsdl.WsdlProject.&lt;init&gt;(WsdlProject.java:194)
	at com.eviware.soapui.impl.wsdl.WsdlProject.&lt;init&gt;(WsdlProject.java:182)
	at soapServices.EmployeeServicesMultipleTest.SoapTest_TS2(EmployeeServicesMultipleTest.java:43)
	at java.util.ArrayList.forEach(Unknown Source)
... Removed 26 stack frames</pre></div><a href='#' onClick='toggleBox("stack-trace1187410086", this, "Click to show all stack frames", "Click to hide stack frames")'>Click to show all stack frames</a>
<div class='stack-trace' id='stack-trace1187410086'><pre>java.lang.NoClassDefFoundError: Could not initialize class org.codehaus.groovy.runtime.InvokerHelper
	at groovy.lang.GroovyObjectSupport.getDefaultMetaClass(GroovyObjectSupport.java:61)
	at groovy.lang.GroovyObjectSupport.&lt;init&gt;(GroovyObjectSupport.java:34)
	at groovy.lang.Binding.&lt;init&gt;(Binding.java:35)
	at com.eviware.soapui.support.scripting.groovy.SoapUIGroovyScriptEngine.&lt;init&gt;(SoapUIGroovyScriptEngine.java:45)
	at com.eviware.soapui.support.scripting.groovy.GroovyScriptEngineFactory.createScriptEngine(GroovyScriptEngineFactory.java:38)
	at com.eviware.soapui.support.scripting.SoapUIScriptEngineRegistry.create(SoapUIScriptEngineRegistry.java:50)
	at com.eviware.soapui.impl.wsdl.teststeps.WsdlGroovyScriptTestStep.&lt;init&gt;(WsdlGroovyScriptTestStep.java:85)
	at com.eviware.soapui.impl.wsdl.teststeps.registry.GroovyScriptStepFactory.buildTestStep(GroovyScriptStepFactory.java:38)
	at com.eviware.soapui.impl.wsdl.testcase.WsdlTestCase.createTestStepFromConfig(WsdlTestCase.java:296)
	at com.eviware.soapui.impl.wsdl.testcase.WsdlTestCase.&lt;init&gt;(WsdlTestCase.java:121)
	at com.eviware.soapui.impl.wsdl.WsdlTestSuite.buildTestCase(WsdlTestSuite.java:107)
	at com.eviware.soapui.impl.wsdl.WsdlTestSuite.&lt;init&gt;(WsdlTestSuite.java:89)
	at com.eviware.soapui.impl.wsdl.WsdlProject.buildTestSuite(WsdlProject.java:451)
	at com.eviware.soapui.impl.wsdl.WsdlProject.loadProjectFromInputStream(WsdlProject.java:388)
	at com.eviware.soapui.impl.wsdl.WsdlProject.loadProject(WsdlProject.java:310)
	at com.eviware.soapui.impl.wsdl.WsdlProject.&lt;init&gt;(WsdlProject.java:213)
	at com.eviware.soapui.impl.wsdl.WsdlProject.&lt;init&gt;(WsdlProject.java:194)
	at com.eviware.soapui.impl.wsdl.WsdlProject.&lt;init&gt;(WsdlProject.java:182)
	at soapServices.EmployeeServicesMultipleTest.SoapTest_TS2(EmployeeServicesMultipleTest.java:43)
	at sun.reflect.NativeMethodAccessorImpl.invoke0(Native Method)
	at sun.reflect.NativeMethodAccessorImpl.invoke(Unknown Source)
	at sun.reflect.DelegatingMethodAccessorImpl.invoke(Unknown Source)
	at java.lang.reflect.Method.invoke(Unknown Source)
	at org.testng.internal.MethodInvocationHelper.invokeMethod(MethodInvocationHelper.java:135)
	at org.testng.internal.TestInvoker.invokeMethod(TestInvoker.java:598)
	at org.testng.internal.TestInvoker.invokeTestMethod(TestInvoker.java:174)
	at org.testng.internal.MethodRunner.runInSequence(MethodRunner.java:46)
	at org.testng.internal.TestInvoker$MethodInvocationAgent.invoke(TestInvoker.java:821)
	at org.testng.internal.TestInvoker.invokeTestMethods(TestInvoker.java:147)
	at org.testng.internal.TestMethodWorker.invokeTestMethods(TestMethodWorker.java:146)
	at org.testng.internal.TestMethodWorker.run(TestMethodWorker.java:128)
	at java.util.ArrayList.forEach(Unknown Source)
	at org.testng.TestRunner.privateRun(TestRunner.java:767)
	at org.testng.TestRunner.run(TestRunner.java:588)
	at org.testng.SuiteRunner.runTest(SuiteRunner.java:384)
	at org.testng.SuiteRunner.runSequentially(SuiteRunner.java:378)
	at org.testng.SuiteRunner.privateRun(SuiteRunner.java:337)
	at org.testng.SuiteRunner.run(SuiteRunner.java:286)
	at org.testng.SuiteRunnerWorker.runSuite(SuiteRunnerWorker.java:53)
	at org.testng.SuiteRunnerWorker.run(SuiteRunnerWorker.java:96)
	at org.testng.TestNG.runSuitesSequentially(TestNG.java:1214)
	at org.testng.TestNG.runSuitesLocally(TestNG.java:1136)
	at org.testng.TestNG.runSuites(TestNG.java:1066)
	at org.testng.TestNG.run(TestNG.java:1034)
	at org.testng.TestNG.privateMain(TestNG.java:1363)
	at org.testng.TestNG.main(TestNG.java:1331)
</pre></div></td>
<td>0</td>
<td>soapServices.EmployeeServicesMultipleTest@4524411f</td></tr>
<tr>
<td title='soapServices.EmployeeServicesMultipleTest.SoapTest_TS3()'><b>SoapTest_TS3</b><br>Test class: soapServices.EmployeeServicesMultipleTest</td>
<td><div><pre>java.lang.NoClassDefFoundError: Could not initialize class org.codehaus.groovy.runtime.InvokerHelper
	at groovy.lang.GroovyObjectSupport.getDefaultMetaClass(GroovyObjectSupport.java:61)
	at groovy.lang.GroovyObjectSupport.&lt;init&gt;(GroovyObjectSupport.java:34)
	at groovy.lang.Binding.&lt;init&gt;(Binding.java:35)
	at com.eviware.soapui.support.scripting.groovy.SoapUIGroovyScriptEngine.&lt;init&gt;(SoapUIGroovyScriptEngine.java:45)
	at com.eviware.soapui.support.scripting.groovy.GroovyScriptEngineFactory.createScriptEngine(GroovyScriptEngineFactory.java:38)
	at com.eviware.soapui.support.scripting.SoapUIScriptEngineRegistry.create(SoapUIScriptEngineRegistry.java:50)
	at com.eviware.soapui.impl.wsdl.teststeps.WsdlGroovyScriptTestStep.&lt;init&gt;(WsdlGroovyScriptTestStep.java:85)
	at com.eviware.soapui.impl.wsdl.teststeps.registry.GroovyScriptStepFactory.buildTestStep(GroovyScriptStepFactory.java:38)
	at com.eviware.soapui.impl.wsdl.testcase.WsdlTestCase.createTestStepFromConfig(WsdlTestCase.java:296)
	at com.eviware.soapui.impl.wsdl.testcase.WsdlTestCase.&lt;init&gt;(WsdlTestCase.java:121)
	at com.eviware.soapui.impl.wsdl.WsdlTestSuite.buildTestCase(WsdlTestSuite.java:107)
	at com.eviware.soapui.impl.wsdl.WsdlTestSuite.&lt;init&gt;(WsdlTestSuite.java:89)
	at com.eviware.soapui.impl.wsdl.WsdlProject.buildTestSuite(WsdlProject.java:451)
	at com.eviware.soapui.impl.wsdl.WsdlProject.loadProjectFromInputStream(WsdlProject.java:388)
	at com.eviware.soapui.impl.wsdl.WsdlProject.loadProject(WsdlProject.java:310)
	at com.eviware.soapui.impl.wsdl.WsdlProject.&lt;init&gt;(WsdlProject.java:213)
	at com.eviware.soapui.impl.wsdl.WsdlProject.&lt;init&gt;(WsdlProject.java:194)
	at com.eviware.soapui.impl.wsdl.WsdlProject.&lt;init&gt;(WsdlProject.java:182)
	at soapServices.EmployeeServicesMultipleTest.SoapTest_TS3(EmployeeServicesMultipleTest.java:64)
	at java.util.ArrayList.forEach(Unknown Source)
... Removed 26 stack frames</pre></div><a href='#' onClick='toggleBox("stack-trace910123336", this, "Click to show all stack frames", "Click to hide stack frames")'>Click to show all stack frames</a>
<div class='stack-trace' id='stack-trace910123336'><pre>java.lang.NoClassDefFoundError: Could not initialize class org.codehaus.groovy.runtime.InvokerHelper
	at groovy.lang.GroovyObjectSupport.getDefaultMetaClass(GroovyObjectSupport.java:61)
	at groovy.lang.GroovyObjectSupport.&lt;init&gt;(GroovyObjectSupport.java:34)
	at groovy.lang.Binding.&lt;init&gt;(Binding.java:35)
	at com.eviware.soapui.support.scripting.groovy.SoapUIGroovyScriptEngine.&lt;init&gt;(SoapUIGroovyScriptEngine.java:45)
	at com.eviware.soapui.support.scripting.groovy.GroovyScriptEngineFactory.createScriptEngine(GroovyScriptEngineFactory.java:38)
	at com.eviware.soapui.support.scripting.SoapUIScriptEngineRegistry.create(SoapUIScriptEngineRegistry.java:50)
	at com.eviware.soapui.impl.wsdl.teststeps.WsdlGroovyScriptTestStep.&lt;init&gt;(WsdlGroovyScriptTestStep.java:85)
	at com.eviware.soapui.impl.wsdl.teststeps.registry.GroovyScriptStepFactory.buildTestStep(GroovyScriptStepFactory.java:38)
	at com.eviware.soapui.impl.wsdl.testcase.WsdlTestCase.createTestStepFromConfig(WsdlTestCase.java:296)
	at com.eviware.soapui.impl.wsdl.testcase.WsdlTestCase.&lt;init&gt;(WsdlTestCase.java:121)
	at com.eviware.soapui.impl.wsdl.WsdlTestSuite.buildTestCase(WsdlTestSuite.java:107)
	at com.eviware.soapui.impl.wsdl.WsdlTestSuite.&lt;init&gt;(WsdlTestSuite.java:89)
	at com.eviware.soapui.impl.wsdl.WsdlProject.buildTestSuite(WsdlProject.java:451)
	at com.eviware.soapui.impl.wsdl.WsdlProject.loadProjectFromInputStream(WsdlProject.java:388)
	at com.eviware.soapui.impl.wsdl.WsdlProject.loadProject(WsdlProject.java:310)
	at com.eviware.soapui.impl.wsdl.WsdlProject.&lt;init&gt;(WsdlProject.java:213)
	at com.eviware.soapui.impl.wsdl.WsdlProject.&lt;init&gt;(WsdlProject.java:194)
	at com.eviware.soapui.impl.wsdl.WsdlProject.&lt;init&gt;(WsdlProject.java:182)
	at soapServices.EmployeeServicesMultipleTest.SoapTest_TS3(EmployeeServicesMultipleTest.java:64)
	at sun.reflect.NativeMethodAccessorImpl.invoke0(Native Method)
	at sun.reflect.NativeMethodAccessorImpl.invoke(Unknown Source)
	at sun.reflect.DelegatingMethodAccessorImpl.invoke(Unknown Source)
	at java.lang.reflect.Method.invoke(Unknown Source)
	at org.testng.internal.MethodInvocationHelper.invokeMethod(MethodInvocationHelper.java:135)
	at org.testng.internal.TestInvoker.invokeMethod(TestInvoker.java:598)
	at org.testng.internal.TestInvoker.invokeTestMethod(TestInvoker.java:174)
	at org.testng.internal.MethodRunner.runInSequence(MethodRunner.java:46)
	at org.testng.internal.TestInvoker$MethodInvocationAgent.invoke(TestInvoker.java:821)
	at org.testng.internal.TestInvoker.invokeTestMethods(TestInvoker.java:147)
	at org.testng.internal.TestMethodWorker.invokeTestMethods(TestMethodWorker.java:146)
	at org.testng.internal.TestMethodWorker.run(TestMethodWorker.java:128)
	at java.util.ArrayList.forEach(Unknown Source)
	at org.testng.TestRunner.privateRun(TestRunner.java:767)
	at org.testng.TestRunner.run(TestRunner.java:588)
	at org.testng.SuiteRunner.runTest(SuiteRunner.java:384)
	at org.testng.SuiteRunner.runSequentially(SuiteRunner.java:378)
	at org.testng.SuiteRunner.privateRun(SuiteRunner.java:337)
	at org.testng.SuiteRunner.run(SuiteRunner.java:286)
	at org.testng.SuiteRunnerWorker.runSuite(SuiteRunnerWorker.java:53)
	at org.testng.SuiteRunnerWorker.run(SuiteRunnerWorker.java:96)
	at org.testng.TestNG.runSuitesSequentially(TestNG.java:1214)
	at org.testng.TestNG.runSuitesLocally(TestNG.java:1136)
	at org.testng.TestNG.runSuites(TestNG.java:1066)
	at org.testng.TestNG.run(TestNG.java:1034)
	at org.testng.TestNG.privateMain(TestNG.java:1363)
	at org.testng.TestNG.main(TestNG.java:1331)
</pre></div></td>
<td>0</td>
<td>soapServices.EmployeeServicesMultipleTest@4524411f</td></tr>
<tr>
<td title='restServices.LibraryServicesSingleTest.restTest_TS()'><b>restTest_TS</b><br>Test class: restServices.LibraryServicesSingleTest</td>
<td><div><pre>java.lang.ExceptionInInitializerError
	at org.codehaus.groovy.runtime.InvokerHelper.&lt;clinit&gt;(InvokerHelper.java:82)
	at groovy.lang.GroovyObjectSupport.getDefaultMetaClass(GroovyObjectSupport.java:61)
	at groovy.lang.GroovyObjectSupport.&lt;init&gt;(GroovyObjectSupport.java:34)
	at groovy.lang.Binding.&lt;init&gt;(Binding.java:35)
	at com.eviware.soapui.support.scripting.groovy.SoapUIGroovyScriptEngine.&lt;init&gt;(SoapUIGroovyScriptEngine.java:45)
	at com.eviware.soapui.support.scripting.groovy.GroovyScriptEngineFactory.createScriptEngine(GroovyScriptEngineFactory.java:38)
	at com.eviware.soapui.support.scripting.SoapUIScriptEngineRegistry.create(SoapUIScriptEngineRegistry.java:50)
	at com.eviware.soapui.impl.wsdl.teststeps.WsdlGroovyScriptTestStep.&lt;init&gt;(WsdlGroovyScriptTestStep.java:85)
	at com.eviware.soapui.impl.wsdl.teststeps.registry.GroovyScriptStepFactory.buildTestStep(GroovyScriptStepFactory.java:38)
	at com.eviware.soapui.impl.wsdl.testcase.WsdlTestCase.createTestStepFromConfig(WsdlTestCase.java:296)
	at com.eviware.soapui.impl.wsdl.testcase.WsdlTestCase.&lt;init&gt;(WsdlTestCase.java:121)
	at com.eviware.soapui.impl.wsdl.WsdlTestSuite.buildTestCase(WsdlTestSuite.java:107)
	at com.eviware.soapui.impl.wsdl.WsdlTestSuite.&lt;init&gt;(WsdlTestSuite.java:89)
	at com.eviware.soapui.impl.wsdl.WsdlProject.buildTestSuite(WsdlProject.java:451)
	at com.eviware.soapui.impl.wsdl.WsdlProject.loadProjectFromInputStream(WsdlProject.java:388)
	at com.eviware.soapui.impl.wsdl.WsdlProject.loadProject(WsdlProject.java:310)
	at com.eviware.soapui.impl.wsdl.WsdlProject.&lt;init&gt;(WsdlProject.java:213)
	at com.eviware.soapui.impl.wsdl.WsdlProject.&lt;init&gt;(WsdlProject.java:194)
	at com.eviware.soapui.impl.wsdl.WsdlProject.&lt;init&gt;(WsdlProject.java:182)
	at restServices.LibraryServicesSingleTest.restTest_TS(LibraryServicesSingleTest.java:21)
	at java.util.ArrayList.forEach(Unknown Source)
Caused by: groovy.lang.GroovyRuntimeException: Conflicting module versions. Module [groovy-all is loaded in version 2.4.17 and you are trying to load version 2.4.4
	at org.codehaus.groovy.runtime.metaclass.MetaClassRegistryImpl$DefaultModuleListener.onModule(MetaClassRegistryImpl.java:529)
	at org.codehaus.groovy.runtime.m12n.ExtensionModuleScanner.scanExtensionModuleFromProperties(ExtensionModuleScanner.java:81)
	at org.codehaus.groovy.runtime.m12n.ExtensionModuleScanner.scanExtensionModuleFromMetaInf(ExtensionModuleScanner.java:75)
	at org.codehaus.groovy.runtime.m12n.ExtensionModuleScanner.scanClasspathModules(ExtensionModuleScanner.java:57)
	at org.codehaus.groovy.runtime.metaclass.MetaClassRegistryImpl.&lt;init&gt;(MetaClassRegistryImpl.java:129)
	at org.codehaus.groovy.runtime.metaclass.MetaClassRegistryImpl.&lt;init&gt;(MetaClassRegistryImpl.java:90)
	at groovy.lang.GroovySystem.&lt;clinit&gt;(GroovySystem.java:36)
	... 47 more
... Removed 26 stack frames</pre></div><a href='#' onClick='toggleBox("stack-trace307411297", this, "Click to show all stack frames", "Click to hide stack frames")'>Click to show all stack frames</a>
<div class='stack-trace' id='stack-trace307411297'><pre>java.lang.ExceptionInInitializerError
	at org.codehaus.groovy.runtime.InvokerHelper.&lt;clinit&gt;(InvokerHelper.java:82)
	at groovy.lang.GroovyObjectSupport.getDefaultMetaClass(GroovyObjectSupport.java:61)
	at groovy.lang.GroovyObjectSupport.&lt;init&gt;(GroovyObjectSupport.java:34)
	at groovy.lang.Binding.&lt;init&gt;(Binding.java:35)
	at com.eviware.soapui.support.scripting.groovy.SoapUIGroovyScriptEngine.&lt;init&gt;(SoapUIGroovyScriptEngine.java:45)
	at com.eviware.soapui.support.scripting.groovy.GroovyScriptEngineFactory.createScriptEngine(GroovyScriptEngineFactory.java:38)
	at com.eviware.soapui.support.scripting.SoapUIScriptEngineRegistry.create(SoapUIScriptEngineRegistry.java:50)
	at com.eviware.soapui.impl.wsdl.teststeps.WsdlGroovyScriptTestStep.&lt;init&gt;(WsdlGroovyScriptTestStep.java:85)
	at com.eviware.soapui.impl.wsdl.teststeps.registry.GroovyScriptStepFactory.buildTestStep(GroovyScriptStepFactory.java:38)
	at com.eviware.soapui.impl.wsdl.testcase.WsdlTestCase.createTestStepFromConfig(WsdlTestCase.java:296)
	at com.eviware.soapui.impl.wsdl.testcase.WsdlTestCase.&lt;init&gt;(WsdlTestCase.java:121)
	at com.eviware.soapui.impl.wsdl.WsdlTestSuite.buildTestCase(WsdlTestSuite.java:107)
	at com.eviware.soapui.impl.wsdl.WsdlTestSuite.&lt;init&gt;(WsdlTestSuite.java:89)
	at com.eviware.soapui.impl.wsdl.WsdlProject.buildTestSuite(WsdlProject.java:451)
	at com.eviware.soapui.impl.wsdl.WsdlProject.loadProjectFromInputStream(WsdlProject.java:388)
	at com.eviware.soapui.impl.wsdl.WsdlProject.loadProject(WsdlProject.java:310)
	at com.eviware.soapui.impl.wsdl.WsdlProject.&lt;init&gt;(WsdlProject.java:213)
	at com.eviware.soapui.impl.wsdl.WsdlProject.&lt;init&gt;(WsdlProject.java:194)
	at com.eviware.soapui.impl.wsdl.WsdlProject.&lt;init&gt;(WsdlProject.java:182)
	at restServices.LibraryServicesSingleTest.restTest_TS(LibraryServicesSingleTest.java:21)
	at sun.reflect.NativeMethodAccessorImpl.invoke0(Native Method)
	at sun.reflect.NativeMethodAccessorImpl.invoke(Unknown Source)
	at sun.reflect.DelegatingMethodAccessorImpl.invoke(Unknown Source)
	at java.lang.reflect.Method.invoke(Unknown Source)
	at org.testng.internal.MethodInvocationHelper.invokeMethod(MethodInvocationHelper.java:135)
	at org.testng.internal.TestInvoker.invokeMethod(TestInvoker.java:598)
	at org.testng.internal.TestInvoker.invokeTestMethod(TestInvoker.java:174)
	at org.testng.internal.MethodRunner.runInSequence(MethodRunner.java:46)
	at org.testng.internal.TestInvoker$MethodInvocationAgent.invoke(TestInvoker.java:821)
	at org.testng.internal.TestInvoker.invokeTestMethods(TestInvoker.java:147)
	at org.testng.internal.TestMethodWorker.invokeTestMethods(TestMethodWorker.java:146)
	at org.testng.internal.TestMethodWorker.run(TestMethodWorker.java:128)
	at java.util.ArrayList.forEach(Unknown Source)
	at org.testng.TestRunner.privateRun(TestRunner.java:767)
	at org.testng.TestRunner.run(TestRunner.java:588)
	at org.testng.SuiteRunner.runTest(SuiteRunner.java:384)
	at org.testng.SuiteRunner.runSequentially(SuiteRunner.java:378)
	at org.testng.SuiteRunner.privateRun(SuiteRunner.java:337)
	at org.testng.SuiteRunner.run(SuiteRunner.java:286)
	at org.testng.SuiteRunnerWorker.runSuite(SuiteRunnerWorker.java:53)
	at org.testng.SuiteRunnerWorker.run(SuiteRunnerWorker.java:96)
	at org.testng.TestNG.runSuitesSequentially(TestNG.java:1214)
	at org.testng.TestNG.runSuitesLocally(TestNG.java:1136)
	at org.testng.TestNG.runSuites(TestNG.java:1066)
	at org.testng.TestNG.run(TestNG.java:1034)
	at org.testng.TestNG.privateMain(TestNG.java:1363)
	at org.testng.TestNG.main(TestNG.java:1331)
Caused by: groovy.lang.GroovyRuntimeException: Conflicting module versions. Module [groovy-all is loaded in version 2.4.17 and you are trying to load version 2.4.4
	at org.codehaus.groovy.runtime.metaclass.MetaClassRegistryImpl$DefaultModuleListener.onModule(MetaClassRegistryImpl.java:529)
	at org.codehaus.groovy.runtime.m12n.ExtensionModuleScanner.scanExtensionModuleFromProperties(ExtensionModuleScanner.java:81)
	at org.codehaus.groovy.runtime.m12n.ExtensionModuleScanner.scanExtensionModuleFromMetaInf(ExtensionModuleScanner.java:75)
	at org.codehaus.groovy.runtime.m12n.ExtensionModuleScanner.scanClasspathModules(ExtensionModuleScanner.java:57)
	at org.codehaus.groovy.runtime.metaclass.MetaClassRegistryImpl.&lt;init&gt;(MetaClassRegistryImpl.java:129)
	at org.codehaus.groovy.runtime.metaclass.MetaClassRegistryImpl.&lt;init&gt;(MetaClassRegistryImpl.java:90)
	at groovy.lang.GroovySystem.&lt;clinit&gt;(GroovySystem.java:36)
	... 47 more
</pre></div></td>
<td>3</td>
<td>restServices.LibraryServicesSingleTest@544a2ea6</td></tr>
<tr>
<td title='restServices.LibraryServicesMultipleTest.restTest_TS2()'><b>restTest_TS2</b><br>Test class: restServices.LibraryServicesMultipleTest</td>
<td><div><pre>java.lang.NoClassDefFoundError: Could not initialize class org.codehaus.groovy.runtime.InvokerHelper
	at groovy.lang.GroovyObjectSupport.getDefaultMetaClass(GroovyObjectSupport.java:61)
	at groovy.lang.GroovyObjectSupport.&lt;init&gt;(GroovyObjectSupport.java:34)
	at groovy.lang.Binding.&lt;init&gt;(Binding.java:35)
	at com.eviware.soapui.support.scripting.groovy.SoapUIGroovyScriptEngine.&lt;init&gt;(SoapUIGroovyScriptEngine.java:45)
	at com.eviware.soapui.support.scripting.groovy.GroovyScriptEngineFactory.createScriptEngine(GroovyScriptEngineFactory.java:38)
	at com.eviware.soapui.support.scripting.SoapUIScriptEngineRegistry.create(SoapUIScriptEngineRegistry.java:50)
	at com.eviware.soapui.impl.wsdl.teststeps.WsdlGroovyScriptTestStep.&lt;init&gt;(WsdlGroovyScriptTestStep.java:85)
	at com.eviware.soapui.impl.wsdl.teststeps.registry.GroovyScriptStepFactory.buildTestStep(GroovyScriptStepFactory.java:38)
	at com.eviware.soapui.impl.wsdl.testcase.WsdlTestCase.createTestStepFromConfig(WsdlTestCase.java:296)
	at com.eviware.soapui.impl.wsdl.testcase.WsdlTestCase.&lt;init&gt;(WsdlTestCase.java:121)
	at com.eviware.soapui.impl.wsdl.WsdlTestSuite.buildTestCase(WsdlTestSuite.java:107)
	at com.eviware.soapui.impl.wsdl.WsdlTestSuite.&lt;init&gt;(WsdlTestSuite.java:89)
	at com.eviware.soapui.impl.wsdl.WsdlProject.buildTestSuite(WsdlProject.java:451)
	at com.eviware.soapui.impl.wsdl.WsdlProject.loadProjectFromInputStream(WsdlProject.java:388)
	at com.eviware.soapui.impl.wsdl.WsdlProject.loadProject(WsdlProject.java:310)
	at com.eviware.soapui.impl.wsdl.WsdlProject.&lt;init&gt;(WsdlProject.java:213)
	at com.eviware.soapui.impl.wsdl.WsdlProject.&lt;init&gt;(WsdlProject.java:194)
	at com.eviware.soapui.impl.wsdl.WsdlProject.&lt;init&gt;(WsdlProject.java:182)
	at restServices.LibraryServicesMultipleTest.restTest_TS2(LibraryServicesMultipleTest.java:34)
	at java.util.ArrayList.forEach(Unknown Source)
... Removed 26 stack frames</pre></div><a href='#' onClick='toggleBox("stack-trace2080643905", this, "Click to show all stack frames", "Click to hide stack frames")'>Click to show all stack frames</a>
<div class='stack-trace' id='stack-trace2080643905'><pre>java.lang.NoClassDefFoundError: Could not initialize class org.codehaus.groovy.runtime.InvokerHelper
	at groovy.lang.GroovyObjectSupport.getDefaultMetaClass(GroovyObjectSupport.java:61)
	at groovy.lang.GroovyObjectSupport.&lt;init&gt;(GroovyObjectSupport.java:34)
	at groovy.lang.Binding.&lt;init&gt;(Binding.java:35)
	at com.eviware.soapui.support.scripting.groovy.SoapUIGroovyScriptEngine.&lt;init&gt;(SoapUIGroovyScriptEngine.java:45)
	at com.eviware.soapui.support.scripting.groovy.GroovyScriptEngineFactory.createScriptEngine(GroovyScriptEngineFactory.java:38)
	at com.eviware.soapui.support.scripting.SoapUIScriptEngineRegistry.create(SoapUIScriptEngineRegistry.java:50)
	at com.eviware.soapui.impl.wsdl.teststeps.WsdlGroovyScriptTestStep.&lt;init&gt;(WsdlGroovyScriptTestStep.java:85)
	at com.eviware.soapui.impl.wsdl.teststeps.registry.GroovyScriptStepFactory.buildTestStep(GroovyScriptStepFactory.java:38)
	at com.eviware.soapui.impl.wsdl.testcase.WsdlTestCase.createTestStepFromConfig(WsdlTestCase.java:296)
	at com.eviware.soapui.impl.wsdl.testcase.WsdlTestCase.&lt;init&gt;(WsdlTestCase.java:121)
	at com.eviware.soapui.impl.wsdl.WsdlTestSuite.buildTestCase(WsdlTestSuite.java:107)
	at com.eviware.soapui.impl.wsdl.WsdlTestSuite.&lt;init&gt;(WsdlTestSuite.java:89)
	at com.eviware.soapui.impl.wsdl.WsdlProject.buildTestSuite(WsdlProject.java:451)
	at com.eviware.soapui.impl.wsdl.WsdlProject.loadProjectFromInputStream(WsdlProject.java:388)
	at com.eviware.soapui.impl.wsdl.WsdlProject.loadProject(WsdlProject.java:310)
	at com.eviware.soapui.impl.wsdl.WsdlProject.&lt;init&gt;(WsdlProject.java:213)
	at com.eviware.soapui.impl.wsdl.WsdlProject.&lt;init&gt;(WsdlProject.java:194)
	at com.eviware.soapui.impl.wsdl.WsdlProject.&lt;init&gt;(WsdlProject.java:182)
	at restServices.LibraryServicesMultipleTest.restTest_TS2(LibraryServicesMultipleTest.java:34)
	at sun.reflect.NativeMethodAccessorImpl.invoke0(Native Method)
	at sun.reflect.NativeMethodAccessorImpl.invoke(Unknown Source)
	at sun.reflect.DelegatingMethodAccessorImpl.invoke(Unknown Source)
	at java.lang.reflect.Method.invoke(Unknown Source)
	at org.testng.internal.MethodInvocationHelper.invokeMethod(MethodInvocationHelper.java:135)
	at org.testng.internal.TestInvoker.invokeMethod(TestInvoker.java:598)
	at org.testng.internal.TestInvoker.invokeTestMethod(TestInvoker.java:174)
	at org.testng.internal.MethodRunner.runInSequence(MethodRunner.java:46)
	at org.testng.internal.TestInvoker$MethodInvocationAgent.invoke(TestInvoker.java:821)
	at org.testng.internal.TestInvoker.invokeTestMethods(TestInvoker.java:147)
	at org.testng.internal.TestMethodWorker.invokeTestMethods(TestMethodWorker.java:146)
	at org.testng.internal.TestMethodWorker.run(TestMethodWorker.java:128)
	at java.util.ArrayList.forEach(Unknown Source)
	at org.testng.TestRunner.privateRun(TestRunner.java:767)
	at org.testng.TestRunner.run(TestRunner.java:588)
	at org.testng.SuiteRunner.runTest(SuiteRunner.java:384)
	at org.testng.SuiteRunner.runSequentially(SuiteRunner.java:378)
	at org.testng.SuiteRunner.privateRun(SuiteRunner.java:337)
	at org.testng.SuiteRunner.run(SuiteRunner.java:286)
	at org.testng.SuiteRunnerWorker.runSuite(SuiteRunnerWorker.java:53)
	at org.testng.SuiteRunnerWorker.run(SuiteRunnerWorker.java:96)
	at org.testng.TestNG.runSuitesSequentially(TestNG.java:1214)
	at org.testng.TestNG.runSuitesLocally(TestNG.java:1136)
	at org.testng.TestNG.runSuites(TestNG.java:1066)
	at org.testng.TestNG.run(TestNG.java:1034)
	at org.testng.TestNG.privateMain(TestNG.java:1363)
	at org.testng.TestNG.main(TestNG.java:1331)
</pre></div></td>
<td>0</td>
<td>restServices.LibraryServicesMultipleTest@150c158</td></tr>
<tr>
<td title='restServices.LibraryServicesMultipleTest.restTest_TS3()'><b>restTest_TS3</b><br>Test class: restServices.LibraryServicesMultipleTest</td>
<td><div><pre>java.lang.NoClassDefFoundError: Could not initialize class org.codehaus.groovy.runtime.InvokerHelper
	at groovy.lang.GroovyObjectSupport.getDefaultMetaClass(GroovyObjectSupport.java:61)
	at groovy.lang.GroovyObjectSupport.&lt;init&gt;(GroovyObjectSupport.java:34)
	at groovy.lang.Binding.&lt;init&gt;(Binding.java:35)
	at com.eviware.soapui.support.scripting.groovy.SoapUIGroovyScriptEngine.&lt;init&gt;(SoapUIGroovyScriptEngine.java:45)
	at com.eviware.soapui.support.scripting.groovy.GroovyScriptEngineFactory.createScriptEngine(GroovyScriptEngineFactory.java:38)
	at com.eviware.soapui.support.scripting.SoapUIScriptEngineRegistry.create(SoapUIScriptEngineRegistry.java:50)
	at com.eviware.soapui.impl.wsdl.teststeps.WsdlGroovyScriptTestStep.&lt;init&gt;(WsdlGroovyScriptTestStep.java:85)
	at com.eviware.soapui.impl.wsdl.teststeps.registry.GroovyScriptStepFactory.buildTestStep(GroovyScriptStepFactory.java:38)
	at com.eviware.soapui.impl.wsdl.testcase.WsdlTestCase.createTestStepFromConfig(WsdlTestCase.java:296)
	at com.eviware.soapui.impl.wsdl.testcase.WsdlTestCase.&lt;init&gt;(WsdlTestCase.java:121)
	at com.eviware.soapui.impl.wsdl.WsdlTestSuite.buildTestCase(WsdlTestSuite.java:107)
	at com.eviware.soapui.impl.wsdl.WsdlTestSuite.&lt;init&gt;(WsdlTestSuite.java:89)
	at com.eviware.soapui.impl.wsdl.WsdlProject.buildTestSuite(WsdlProject.java:451)
	at com.eviware.soapui.impl.wsdl.WsdlProject.loadProjectFromInputStream(WsdlProject.java:388)
	at com.eviware.soapui.impl.wsdl.WsdlProject.loadProject(WsdlProject.java:310)
	at com.eviware.soapui.impl.wsdl.WsdlProject.&lt;init&gt;(WsdlProject.java:213)
	at com.eviware.soapui.impl.wsdl.WsdlProject.&lt;init&gt;(WsdlProject.java:194)
	at com.eviware.soapui.impl.wsdl.WsdlProject.&lt;init&gt;(WsdlProject.java:182)
	at restServices.LibraryServicesMultipleTest.restTest_TS3(LibraryServicesMultipleTest.java:47)
	at java.util.ArrayList.forEach(Unknown Source)
... Removed 26 stack frames</pre></div><a href='#' onClick='toggleBox("stack-trace145066402", this, "Click to show all stack frames", "Click to hide stack frames")'>Click to show all stack frames</a>
<div class='stack-trace' id='stack-trace145066402'><pre>java.lang.NoClassDefFoundError: Could not initialize class org.codehaus.groovy.runtime.InvokerHelper
	at groovy.lang.GroovyObjectSupport.getDefaultMetaClass(GroovyObjectSupport.java:61)
	at groovy.lang.GroovyObjectSupport.&lt;init&gt;(GroovyObjectSupport.java:34)
	at groovy.lang.Binding.&lt;init&gt;(Binding.java:35)
	at com.eviware.soapui.support.scripting.groovy.SoapUIGroovyScriptEngine.&lt;init&gt;(SoapUIGroovyScriptEngine.java:45)
	at com.eviware.soapui.support.scripting.groovy.GroovyScriptEngineFactory.createScriptEngine(GroovyScriptEngineFactory.java:38)
	at com.eviware.soapui.support.scripting.SoapUIScriptEngineRegistry.create(SoapUIScriptEngineRegistry.java:50)
	at com.eviware.soapui.impl.wsdl.teststeps.WsdlGroovyScriptTestStep.&lt;init&gt;(WsdlGroovyScriptTestStep.java:85)
	at com.eviware.soapui.impl.wsdl.teststeps.registry.GroovyScriptStepFactory.buildTestStep(GroovyScriptStepFactory.java:38)
	at com.eviware.soapui.impl.wsdl.testcase.WsdlTestCase.createTestStepFromConfig(WsdlTestCase.java:296)
	at com.eviware.soapui.impl.wsdl.testcase.WsdlTestCase.&lt;init&gt;(WsdlTestCase.java:121)
	at com.eviware.soapui.impl.wsdl.WsdlTestSuite.buildTestCase(WsdlTestSuite.java:107)
	at com.eviware.soapui.impl.wsdl.WsdlTestSuite.&lt;init&gt;(WsdlTestSuite.java:89)
	at com.eviware.soapui.impl.wsdl.WsdlProject.buildTestSuite(WsdlProject.java:451)
	at com.eviware.soapui.impl.wsdl.WsdlProject.loadProjectFromInputStream(WsdlProject.java:388)
	at com.eviware.soapui.impl.wsdl.WsdlProject.loadProject(WsdlProject.java:310)
	at com.eviware.soapui.impl.wsdl.WsdlProject.&lt;init&gt;(WsdlProject.java:213)
	at com.eviware.soapui.impl.wsdl.WsdlProject.&lt;init&gt;(WsdlProject.java:194)
	at com.eviware.soapui.impl.wsdl.WsdlProject.&lt;init&gt;(WsdlProject.java:182)
	at restServices.LibraryServicesMultipleTest.restTest_TS3(LibraryServicesMultipleTest.java:47)
	at sun.reflect.NativeMethodAccessorImpl.invoke0(Native Method)
	at sun.reflect.NativeMethodAccessorImpl.invoke(Unknown Source)
	at sun.reflect.DelegatingMethodAccessorImpl.invoke(Unknown Source)
	at java.lang.reflect.Method.invoke(Unknown Source)
	at org.testng.internal.MethodInvocationHelper.invokeMethod(MethodInvocationHelper.java:135)
	at org.testng.internal.TestInvoker.invokeMethod(TestInvoker.java:598)
	at org.testng.internal.TestInvoker.invokeTestMethod(TestInvoker.java:174)
	at org.testng.internal.MethodRunner.runInSequence(MethodRunner.java:46)
	at org.testng.internal.TestInvoker$MethodInvocationAgent.invoke(TestInvoker.java:821)
	at org.testng.internal.TestInvoker.invokeTestMethods(TestInvoker.java:147)
	at org.testng.internal.TestMethodWorker.invokeTestMethods(TestMethodWorker.java:146)
	at org.testng.internal.TestMethodWorker.run(TestMethodWorker.java:128)
	at java.util.ArrayList.forEach(Unknown Source)
	at org.testng.TestRunner.privateRun(TestRunner.java:767)
	at org.testng.TestRunner.run(TestRunner.java:588)
	at org.testng.SuiteRunner.runTest(SuiteRunner.java:384)
	at org.testng.SuiteRunner.runSequentially(SuiteRunner.java:378)
	at org.testng.SuiteRunner.privateRun(SuiteRunner.java:337)
	at org.testng.SuiteRunner.run(SuiteRunner.java:286)
	at org.testng.SuiteRunnerWorker.runSuite(SuiteRunnerWorker.java:53)
	at org.testng.SuiteRunnerWorker.run(SuiteRunnerWorker.java:96)
	at org.testng.TestNG.runSuitesSequentially(TestNG.java:1214)
	at org.testng.TestNG.runSuitesLocally(TestNG.java:1136)
	at org.testng.TestNG.runSuites(TestNG.java:1066)
	at org.testng.TestNG.run(TestNG.java:1034)
	at org.testng.TestNG.privateMain(TestNG.java:1363)
	at org.testng.TestNG.main(TestNG.java:1331)
</pre></div></td>
<td>0</td>
<td>restServices.LibraryServicesMultipleTest@150c158</td></tr>
<tr>
<td title='restServices.LibraryServicesMultipleTest.restTest_tS4()'><b>restTest_tS4</b><br>Test class: restServices.LibraryServicesMultipleTest</td>
<td><div><pre>java.lang.NoClassDefFoundError: Could not initialize class org.codehaus.groovy.runtime.InvokerHelper
	at groovy.lang.GroovyObjectSupport.getDefaultMetaClass(GroovyObjectSupport.java:61)
	at groovy.lang.GroovyObjectSupport.&lt;init&gt;(GroovyObjectSupport.java:34)
	at groovy.lang.Binding.&lt;init&gt;(Binding.java:35)
	at com.eviware.soapui.support.scripting.groovy.SoapUIGroovyScriptEngine.&lt;init&gt;(SoapUIGroovyScriptEngine.java:45)
	at com.eviware.soapui.support.scripting.groovy.GroovyScriptEngineFactory.createScriptEngine(GroovyScriptEngineFactory.java:38)
	at com.eviware.soapui.support.scripting.SoapUIScriptEngineRegistry.create(SoapUIScriptEngineRegistry.java:50)
	at com.eviware.soapui.impl.wsdl.teststeps.WsdlGroovyScriptTestStep.&lt;init&gt;(WsdlGroovyScriptTestStep.java:85)
	at com.eviware.soapui.impl.wsdl.teststeps.registry.GroovyScriptStepFactory.buildTestStep(GroovyScriptStepFactory.java:38)
	at com.eviware.soapui.impl.wsdl.testcase.WsdlTestCase.createTestStepFromConfig(WsdlTestCase.java:296)
	at com.eviware.soapui.impl.wsdl.testcase.WsdlTestCase.&lt;init&gt;(WsdlTestCase.java:121)
	at com.eviware.soapui.impl.wsdl.WsdlTestSuite.buildTestCase(WsdlTestSuite.java:107)
	at com.eviware.soapui.impl.wsdl.WsdlTestSuite.&lt;init&gt;(WsdlTestSuite.java:89)
	at com.eviware.soapui.impl.wsdl.WsdlProject.buildTestSuite(WsdlProject.java:451)
	at com.eviware.soapui.impl.wsdl.WsdlProject.loadProjectFromInputStream(WsdlProject.java:388)
	at com.eviware.soapui.impl.wsdl.WsdlProject.loadProject(WsdlProject.java:310)
	at com.eviware.soapui.impl.wsdl.WsdlProject.&lt;init&gt;(WsdlProject.java:213)
	at com.eviware.soapui.impl.wsdl.WsdlProject.&lt;init&gt;(WsdlProject.java:194)
	at com.eviware.soapui.impl.wsdl.WsdlProject.&lt;init&gt;(WsdlProject.java:182)
	at restServices.LibraryServicesMultipleTest.restTest_tS4(LibraryServicesMultipleTest.java:60)
	at java.util.ArrayList.forEach(Unknown Source)
... Removed 26 stack frames</pre></div><a href='#' onClick='toggleBox("stack-trace1058650291", this, "Click to show all stack frames", "Click to hide stack frames")'>Click to show all stack frames</a>
<div class='stack-trace' id='stack-trace1058650291'><pre>java.lang.NoClassDefFoundError: Could not initialize class org.codehaus.groovy.runtime.InvokerHelper
	at groovy.lang.GroovyObjectSupport.getDefaultMetaClass(GroovyObjectSupport.java:61)
	at groovy.lang.GroovyObjectSupport.&lt;init&gt;(GroovyObjectSupport.java:34)
	at groovy.lang.Binding.&lt;init&gt;(Binding.java:35)
	at com.eviware.soapui.support.scripting.groovy.SoapUIGroovyScriptEngine.&lt;init&gt;(SoapUIGroovyScriptEngine.java:45)
	at com.eviware.soapui.support.scripting.groovy.GroovyScriptEngineFactory.createScriptEngine(GroovyScriptEngineFactory.java:38)
	at com.eviware.soapui.support.scripting.SoapUIScriptEngineRegistry.create(SoapUIScriptEngineRegistry.java:50)
	at com.eviware.soapui.impl.wsdl.teststeps.WsdlGroovyScriptTestStep.&lt;init&gt;(WsdlGroovyScriptTestStep.java:85)
	at com.eviware.soapui.impl.wsdl.teststeps.registry.GroovyScriptStepFactory.buildTestStep(GroovyScriptStepFactory.java:38)
	at com.eviware.soapui.impl.wsdl.testcase.WsdlTestCase.createTestStepFromConfig(WsdlTestCase.java:296)
	at com.eviware.soapui.impl.wsdl.testcase.WsdlTestCase.&lt;init&gt;(WsdlTestCase.java:121)
	at com.eviware.soapui.impl.wsdl.WsdlTestSuite.buildTestCase(WsdlTestSuite.java:107)
	at com.eviware.soapui.impl.wsdl.WsdlTestSuite.&lt;init&gt;(WsdlTestSuite.java:89)
	at com.eviware.soapui.impl.wsdl.WsdlProject.buildTestSuite(WsdlProject.java:451)
	at com.eviware.soapui.impl.wsdl.WsdlProject.loadProjectFromInputStream(WsdlProject.java:388)
	at com.eviware.soapui.impl.wsdl.WsdlProject.loadProject(WsdlProject.java:310)
	at com.eviware.soapui.impl.wsdl.WsdlProject.&lt;init&gt;(WsdlProject.java:213)
	at com.eviware.soapui.impl.wsdl.WsdlProject.&lt;init&gt;(WsdlProject.java:194)
	at com.eviware.soapui.impl.wsdl.WsdlProject.&lt;init&gt;(WsdlProject.java:182)
	at restServices.LibraryServicesMultipleTest.restTest_tS4(LibraryServicesMultipleTest.java:60)
	at sun.reflect.NativeMethodAccessorImpl.invoke0(Native Method)
	at sun.reflect.NativeMethodAccessorImpl.invoke(Unknown Source)
	at sun.reflect.DelegatingMethodAccessorImpl.invoke(Unknown Source)
	at java.lang.reflect.Method.invoke(Unknown Source)
	at org.testng.internal.MethodInvocationHelper.invokeMethod(MethodInvocationHelper.java:135)
	at org.testng.internal.TestInvoker.invokeMethod(TestInvoker.java:598)
	at org.testng.internal.TestInvoker.invokeTestMethod(TestInvoker.java:174)
	at org.testng.internal.MethodRunner.runInSequence(MethodRunner.java:46)
	at org.testng.internal.TestInvoker$MethodInvocationAgent.invoke(TestInvoker.java:821)
	at org.testng.internal.TestInvoker.invokeTestMethods(TestInvoker.java:147)
	at org.testng.internal.TestMethodWorker.invokeTestMethods(TestMethodWorker.java:146)
	at org.testng.internal.TestMethodWorker.run(TestMethodWorker.java:128)
	at java.util.ArrayList.forEach(Unknown Source)
	at org.testng.TestRunner.privateRun(TestRunner.java:767)
	at org.testng.TestRunner.run(TestRunner.java:588)
	at org.testng.SuiteRunner.runTest(SuiteRunner.java:384)
	at org.testng.SuiteRunner.runSequentially(SuiteRunner.java:378)
	at org.testng.SuiteRunner.privateRun(SuiteRunner.java:337)
	at org.testng.SuiteRunner.run(SuiteRunner.java:286)
	at org.testng.SuiteRunnerWorker.runSuite(SuiteRunnerWorker.java:53)
	at org.testng.SuiteRunnerWorker.run(SuiteRunnerWorker.java:96)
	at org.testng.TestNG.runSuitesSequentially(TestNG.java:1214)
	at org.testng.TestNG.runSuitesLocally(TestNG.java:1136)
	at org.testng.TestNG.runSuites(TestNG.java:1066)
	at org.testng.TestNG.run(TestNG.java:1034)
	at org.testng.TestNG.privateMain(TestNG.java:1363)
	at org.testng.TestNG.main(TestNG.java:1331)
</pre></div></td>
<td>0</td>
<td>restServices.LibraryServicesMultipleTest@150c158</td></tr>
</table><p>
</body>
</html>