<?xml version="1.0" encoding="UTF-8"?>
<!-- Generated by org.testng.reporters.JUnitReportReporter -->
<testsuite skipped="0" hostname="DESKTOP-EFM9JGP" name="restServices.LibraryServicesMultipleTest" tests="4" failures="0" timestamp="2020-07-13T23:10:08 IST" time="0.026" errors="4">
  <testcase name="restTest_TS2" time="0.006" classname="restServices.LibraryServicesMultipleTest">
    <error type="java.lang.NoClassDefFoundError" message="Could not initialize class org.codehaus.groovy.runtime.InvokerHelper">
      <![CDATA[java.lang.NoClassDefFoundError: Could not initialize class org.codehaus.groovy.runtime.InvokerHelper
at groovy.lang.GroovyObjectSupport.getDefaultMetaClass(GroovyObjectSupport.java:61)
at groovy.lang.GroovyObjectSupport.<init>(GroovyObjectSupport.java:34)
at groovy.lang.Binding.<init>(Binding.java:35)
at com.eviware.soapui.support.scripting.groovy.SoapUIGroovyScriptEngine.<init>(SoapUIGroovyScriptEngine.java:45)
at com.eviware.soapui.support.scripting.groovy.GroovyScriptEngineFactory.createScriptEngine(GroovyScriptEngineFactory.java:38)
at com.eviware.soapui.support.scripting.SoapUIScriptEngineRegistry.create(SoapUIScriptEngineRegistry.java:50)
at com.eviware.soapui.impl.wsdl.teststeps.WsdlGroovyScriptTestStep.<init>(WsdlGroovyScriptTestStep.java:85)
at com.eviware.soapui.impl.wsdl.teststeps.registry.GroovyScriptStepFactory.buildTestStep(GroovyScriptStepFactory.java:38)
at com.eviware.soapui.impl.wsdl.testcase.WsdlTestCase.createTestStepFromConfig(WsdlTestCase.java:296)
at com.eviware.soapui.impl.wsdl.testcase.WsdlTestCase.<init>(WsdlTestCase.java:121)
at com.eviware.soapui.impl.wsdl.WsdlTestSuite.buildTestCase(WsdlTestSuite.java:107)
at com.eviware.soapui.impl.wsdl.WsdlTestSuite.<init>(WsdlTestSuite.java:89)
at com.eviware.soapui.impl.wsdl.WsdlProject.buildTestSuite(WsdlProject.java:451)
at com.eviware.soapui.impl.wsdl.WsdlProject.loadProjectFromInputStream(WsdlProject.java:388)
at com.eviware.soapui.impl.wsdl.WsdlProject.loadProject(WsdlProject.java:310)
at com.eviware.soapui.impl.wsdl.WsdlProject.<init>(WsdlProject.java:213)
at com.eviware.soapui.impl.wsdl.WsdlProject.<init>(WsdlProject.java:194)
at com.eviware.soapui.impl.wsdl.WsdlProject.<init>(WsdlProject.java:182)
at restServices.LibraryServicesMultipleTest.restTest_TS2(LibraryServicesMultipleTest.java:34)
at sun.reflect.NativeMethodAccessorImpl.invoke0(Native Method)
at sun.reflect.NativeMethodAccessorImpl.invoke(Unknown Source)
at sun.reflect.DelegatingMethodAccessorImpl.invoke(Unknown Source)
at java.lang.reflect.Method.invoke(Unknown Source)
at org.testng.internal.MethodInvocationHelper.invokeMethod(MethodInvocationHelper.java:135)
at org.testng.internal.TestInvoker.invokeMethod(TestInvoker.java:598)
at org.testng.internal.TestInvoker.invokeTestMethod(TestInvoker.java:174)
at org.testng.internal.MethodRunner.runInSequence(MethodRunner.java:46)
at org.testng.internal.TestInvoker$MethodInvocationAgent.invoke(TestInvoker.java:821)
at org.testng.internal.TestInvoker.invokeTestMethods(TestInvoker.java:147)
at org.testng.internal.TestMethodWorker.invokeTestMethods(TestMethodWorker.java:146)
at org.testng.internal.TestMethodWorker.run(TestMethodWorker.java:128)
at java.util.ArrayList.forEach(Unknown Source)
at org.testng.TestRunner.privateRun(TestRunner.java:767)
at org.testng.TestRunner.run(TestRunner.java:588)
at org.testng.SuiteRunner.runTest(SuiteRunner.java:384)
at org.testng.SuiteRunner.runSequentially(SuiteRunner.java:378)
at org.testng.SuiteRunner.privateRun(SuiteRunner.java:337)
at org.testng.SuiteRunner.run(SuiteRunner.java:286)
at org.testng.SuiteRunnerWorker.runSuite(SuiteRunnerWorker.java:53)
at org.testng.SuiteRunnerWorker.run(SuiteRunnerWorker.java:96)
at org.testng.TestNG.runSuitesSequentially(TestNG.java:1214)
at org.testng.TestNG.runSuitesLocally(TestNG.java:1136)
at org.testng.TestNG.runSuites(TestNG.java:1066)
at org.testng.TestNG.run(TestNG.java:1034)
at org.testng.TestNG.privateMain(TestNG.java:1363)
at org.testng.TestNG.main(TestNG.java:1331)
]]>
    </error>
  </testcase> <!-- restTest_TS2 -->
  <system-out/>
  <testcase name="restTest_TS3" time="0.007" classname="restServices.LibraryServicesMultipleTest">
    <error type="java.lang.NoClassDefFoundError" message="Could not initialize class org.codehaus.groovy.runtime.InvokerHelper">
      <![CDATA[java.lang.NoClassDefFoundError: Could not initialize class org.codehaus.groovy.runtime.InvokerHelper
at groovy.lang.GroovyObjectSupport.getDefaultMetaClass(GroovyObjectSupport.java:61)
at groovy.lang.GroovyObjectSupport.<init>(GroovyObjectSupport.java:34)
at groovy.lang.Binding.<init>(Binding.java:35)
at com.eviware.soapui.support.scripting.groovy.SoapUIGroovyScriptEngine.<init>(SoapUIGroovyScriptEngine.java:45)
at com.eviware.soapui.support.scripting.groovy.GroovyScriptEngineFactory.createScriptEngine(GroovyScriptEngineFactory.java:38)
at com.eviware.soapui.support.scripting.SoapUIScriptEngineRegistry.create(SoapUIScriptEngineRegistry.java:50)
at com.eviware.soapui.impl.wsdl.teststeps.WsdlGroovyScriptTestStep.<init>(WsdlGroovyScriptTestStep.java:85)
at com.eviware.soapui.impl.wsdl.teststeps.registry.GroovyScriptStepFactory.buildTestStep(GroovyScriptStepFactory.java:38)
at com.eviware.soapui.impl.wsdl.testcase.WsdlTestCase.createTestStepFromConfig(WsdlTestCase.java:296)
at com.eviware.soapui.impl.wsdl.testcase.WsdlTestCase.<init>(WsdlTestCase.java:121)
at com.eviware.soapui.impl.wsdl.WsdlTestSuite.buildTestCase(WsdlTestSuite.java:107)
at com.eviware.soapui.impl.wsdl.WsdlTestSuite.<init>(WsdlTestSuite.java:89)
at com.eviware.soapui.impl.wsdl.WsdlProject.buildTestSuite(WsdlProject.java:451)
at com.eviware.soapui.impl.wsdl.WsdlProject.loadProjectFromInputStream(WsdlProject.java:388)
at com.eviware.soapui.impl.wsdl.WsdlProject.loadProject(WsdlProject.java:310)
at com.eviware.soapui.impl.wsdl.WsdlProject.<init>(WsdlProject.java:213)
at com.eviware.soapui.impl.wsdl.WsdlProject.<init>(WsdlProject.java:194)
at com.eviware.soapui.impl.wsdl.WsdlProject.<init>(WsdlProject.java:182)
at restServices.LibraryServicesMultipleTest.restTest_TS3(LibraryServicesMultipleTest.java:47)
at sun.reflect.NativeMethodAccessorImpl.invoke0(Native Method)
at sun.reflect.NativeMethodAccessorImpl.invoke(Unknown Source)
at sun.reflect.DelegatingMethodAccessorImpl.invoke(Unknown Source)
at java.lang.reflect.Method.invoke(Unknown Source)
at org.testng.internal.MethodInvocationHelper.invokeMethod(MethodInvocationHelper.java:135)
at org.testng.internal.TestInvoker.invokeMethod(TestInvoker.java:598)
at org.testng.internal.TestInvoker.invokeTestMethod(TestInvoker.java:174)
at org.testng.internal.MethodRunner.runInSequence(MethodRunner.java:46)
at org.testng.internal.TestInvoker$MethodInvocationAgent.invoke(TestInvoker.java:821)
at org.testng.internal.TestInvoker.invokeTestMethods(TestInvoker.java:147)
at org.testng.internal.TestMethodWorker.invokeTestMethods(TestMethodWorker.java:146)
at org.testng.internal.TestMethodWorker.run(TestMethodWorker.java:128)
at java.util.ArrayList.forEach(Unknown Source)
at org.testng.TestRunner.privateRun(TestRunner.java:767)
at org.testng.TestRunner.run(TestRunner.java:588)
at org.testng.SuiteRunner.runTest(SuiteRunner.java:384)
at org.testng.SuiteRunner.runSequentially(SuiteRunner.java:378)
at org.testng.SuiteRunner.privateRun(SuiteRunner.java:337)
at org.testng.SuiteRunner.run(SuiteRunner.java:286)
at org.testng.SuiteRunnerWorker.runSuite(SuiteRunnerWorker.java:53)
at org.testng.SuiteRunnerWorker.run(SuiteRunnerWorker.java:96)
at org.testng.TestNG.runSuitesSequentially(TestNG.java:1214)
at org.testng.TestNG.runSuitesLocally(TestNG.java:1136)
at org.testng.TestNG.runSuites(TestNG.java:1066)
at org.testng.TestNG.run(TestNG.java:1034)
at org.testng.TestNG.privateMain(TestNG.java:1363)
at org.testng.TestNG.main(TestNG.java:1331)
]]>
    </error>
  </testcase> <!-- restTest_TS3 -->
  <system-out/>
  <testcase name="SoapTest_TS1" time="0.007" classname="restServices.LibraryServicesMultipleTest">
    <error type="java.lang.NoClassDefFoundError" message="Could not initialize class org.codehaus.groovy.runtime.InvokerHelper">
      <![CDATA[java.lang.NoClassDefFoundError: Could not initialize class org.codehaus.groovy.runtime.InvokerHelper
at groovy.lang.GroovyObjectSupport.getDefaultMetaClass(GroovyObjectSupport.java:61)
at groovy.lang.GroovyObjectSupport.<init>(GroovyObjectSupport.java:34)
at groovy.lang.Binding.<init>(Binding.java:35)
at com.eviware.soapui.support.scripting.groovy.SoapUIGroovyScriptEngine.<init>(SoapUIGroovyScriptEngine.java:45)
at com.eviware.soapui.support.scripting.groovy.GroovyScriptEngineFactory.createScriptEngine(GroovyScriptEngineFactory.java:38)
at com.eviware.soapui.support.scripting.SoapUIScriptEngineRegistry.create(SoapUIScriptEngineRegistry.java:50)
at com.eviware.soapui.impl.wsdl.teststeps.WsdlGroovyScriptTestStep.<init>(WsdlGroovyScriptTestStep.java:85)
at com.eviware.soapui.impl.wsdl.teststeps.registry.GroovyScriptStepFactory.buildTestStep(GroovyScriptStepFactory.java:38)
at com.eviware.soapui.impl.wsdl.testcase.WsdlTestCase.createTestStepFromConfig(WsdlTestCase.java:296)
at com.eviware.soapui.impl.wsdl.testcase.WsdlTestCase.<init>(WsdlTestCase.java:121)
at com.eviware.soapui.impl.wsdl.WsdlTestSuite.buildTestCase(WsdlTestSuite.java:107)
at com.eviware.soapui.impl.wsdl.WsdlTestSuite.<init>(WsdlTestSuite.java:89)
at com.eviware.soapui.impl.wsdl.WsdlProject.buildTestSuite(WsdlProject.java:451)
at com.eviware.soapui.impl.wsdl.WsdlProject.loadProjectFromInputStream(WsdlProject.java:388)
at com.eviware.soapui.impl.wsdl.WsdlProject.loadProject(WsdlProject.java:310)
at com.eviware.soapui.impl.wsdl.WsdlProject.<init>(WsdlProject.java:213)
at com.eviware.soapui.impl.wsdl.WsdlProject.<init>(WsdlProject.java:194)
at com.eviware.soapui.impl.wsdl.WsdlProject.<init>(WsdlProject.java:182)
at restServices.LibraryServicesMultipleTest.SoapTest_TS1(LibraryServicesMultipleTest.java:21)
at sun.reflect.NativeMethodAccessorImpl.invoke0(Native Method)
at sun.reflect.NativeMethodAccessorImpl.invoke(Unknown Source)
at sun.reflect.DelegatingMethodAccessorImpl.invoke(Unknown Source)
at java.lang.reflect.Method.invoke(Unknown Source)
at org.testng.internal.MethodInvocationHelper.invokeMethod(MethodInvocationHelper.java:135)
at org.testng.internal.TestInvoker.invokeMethod(TestInvoker.java:598)
at org.testng.internal.TestInvoker.invokeTestMethod(TestInvoker.java:174)
at org.testng.internal.MethodRunner.runInSequence(MethodRunner.java:46)
at org.testng.internal.TestInvoker$MethodInvocationAgent.invoke(TestInvoker.java:821)
at org.testng.internal.TestInvoker.invokeTestMethods(TestInvoker.java:147)
at org.testng.internal.TestMethodWorker.invokeTestMethods(TestMethodWorker.java:146)
at org.testng.internal.TestMethodWorker.run(TestMethodWorker.java:128)
at java.util.ArrayList.forEach(Unknown Source)
at org.testng.TestRunner.privateRun(TestRunner.java:767)
at org.testng.TestRunner.run(TestRunner.java:588)
at org.testng.SuiteRunner.runTest(SuiteRunner.java:384)
at org.testng.SuiteRunner.runSequentially(SuiteRunner.java:378)
at org.testng.SuiteRunner.privateRun(SuiteRunner.java:337)
at org.testng.SuiteRunner.run(SuiteRunner.java:286)
at org.testng.SuiteRunnerWorker.runSuite(SuiteRunnerWorker.java:53)
at org.testng.SuiteRunnerWorker.run(SuiteRunnerWorker.java:96)
at org.testng.TestNG.runSuitesSequentially(TestNG.java:1214)
at org.testng.TestNG.runSuitesLocally(TestNG.java:1136)
at org.testng.TestNG.runSuites(TestNG.java:1066)
at org.testng.TestNG.run(TestNG.java:1034)
at org.testng.TestNG.privateMain(TestNG.java:1363)
at org.testng.TestNG.main(TestNG.java:1331)
]]>
    </error>
  </testcase> <!-- SoapTest_TS1 -->
  <system-out/>
  <testcase name="restTest_tS4" time="0.006" classname="restServices.LibraryServicesMultipleTest">
    <error type="java.lang.NoClassDefFoundError" message="Could not initialize class org.codehaus.groovy.runtime.InvokerHelper">
      <![CDATA[java.lang.NoClassDefFoundError: Could not initialize class org.codehaus.groovy.runtime.InvokerHelper
at groovy.lang.GroovyObjectSupport.getDefaultMetaClass(GroovyObjectSupport.java:61)
at groovy.lang.GroovyObjectSupport.<init>(GroovyObjectSupport.java:34)
at groovy.lang.Binding.<init>(Binding.java:35)
at com.eviware.soapui.support.scripting.groovy.SoapUIGroovyScriptEngine.<init>(SoapUIGroovyScriptEngine.java:45)
at com.eviware.soapui.support.scripting.groovy.GroovyScriptEngineFactory.createScriptEngine(GroovyScriptEngineFactory.java:38)
at com.eviware.soapui.support.scripting.SoapUIScriptEngineRegistry.create(SoapUIScriptEngineRegistry.java:50)
at com.eviware.soapui.impl.wsdl.teststeps.WsdlGroovyScriptTestStep.<init>(WsdlGroovyScriptTestStep.java:85)
at com.eviware.soapui.impl.wsdl.teststeps.registry.GroovyScriptStepFactory.buildTestStep(GroovyScriptStepFactory.java:38)
at com.eviware.soapui.impl.wsdl.testcase.WsdlTestCase.createTestStepFromConfig(WsdlTestCase.java:296)
at com.eviware.soapui.impl.wsdl.testcase.WsdlTestCase.<init>(WsdlTestCase.java:121)
at com.eviware.soapui.impl.wsdl.WsdlTestSuite.buildTestCase(WsdlTestSuite.java:107)
at com.eviware.soapui.impl.wsdl.WsdlTestSuite.<init>(WsdlTestSuite.java:89)
at com.eviware.soapui.impl.wsdl.WsdlProject.buildTestSuite(WsdlProject.java:451)
at com.eviware.soapui.impl.wsdl.WsdlProject.loadProjectFromInputStream(WsdlProject.java:388)
at com.eviware.soapui.impl.wsdl.WsdlProject.loadProject(WsdlProject.java:310)
at com.eviware.soapui.impl.wsdl.WsdlProject.<init>(WsdlProject.java:213)
at com.eviware.soapui.impl.wsdl.WsdlProject.<init>(WsdlProject.java:194)
at com.eviware.soapui.impl.wsdl.WsdlProject.<init>(WsdlProject.java:182)
at restServices.LibraryServicesMultipleTest.restTest_tS4(LibraryServicesMultipleTest.java:60)
at sun.reflect.NativeMethodAccessorImpl.invoke0(Native Method)
at sun.reflect.NativeMethodAccessorImpl.invoke(Unknown Source)
at sun.reflect.DelegatingMethodAccessorImpl.invoke(Unknown Source)
at java.lang.reflect.Method.invoke(Unknown Source)
at org.testng.internal.MethodInvocationHelper.invokeMethod(MethodInvocationHelper.java:135)
at org.testng.internal.TestInvoker.invokeMethod(TestInvoker.java:598)
at org.testng.internal.TestInvoker.invokeTestMethod(TestInvoker.java:174)
at org.testng.internal.MethodRunner.runInSequence(MethodRunner.java:46)
at org.testng.internal.TestInvoker$MethodInvocationAgent.invoke(TestInvoker.java:821)
at org.testng.internal.TestInvoker.invokeTestMethods(TestInvoker.java:147)
at org.testng.internal.TestMethodWorker.invokeTestMethods(TestMethodWorker.java:146)
at org.testng.internal.TestMethodWorker.run(TestMethodWorker.java:128)
at java.util.ArrayList.forEach(Unknown Source)
at org.testng.TestRunner.privateRun(TestRunner.java:767)
at org.testng.TestRunner.run(TestRunner.java:588)
at org.testng.SuiteRunner.runTest(SuiteRunner.java:384)
at org.testng.SuiteRunner.runSequentially(SuiteRunner.java:378)
at org.testng.SuiteRunner.privateRun(SuiteRunner.java:337)
at org.testng.SuiteRunner.run(SuiteRunner.java:286)
at org.testng.SuiteRunnerWorker.runSuite(SuiteRunnerWorker.java:53)
at org.testng.SuiteRunnerWorker.run(SuiteRunnerWorker.java:96)
at org.testng.TestNG.runSuitesSequentially(TestNG.java:1214)
at org.testng.TestNG.runSuitesLocally(TestNG.java:1136)
at org.testng.TestNG.runSuites(TestNG.java:1066)
at org.testng.TestNG.run(TestNG.java:1034)
at org.testng.TestNG.privateMain(TestNG.java:1363)
at org.testng.TestNG.main(TestNG.java:1331)
]]>
    </error>
  </testcase> <!-- restTest_tS4 -->
  <system-out/>
</testsuite> <!-- restServices.LibraryServicesMultipleTest -->
